<?xml version="1.0" encoding="UTF-8"?>
<!-- Generated by org.testng.reporters.JUnitReportReporter -->
<testsuite hostname="LAPTOP-IPEFO2V2" failures="0" tests="1" name="runner.TestRunner" time="0.147" errors="1" timestamp="2025-05-12T18:51:43 IST" skipped="0">
  <testcase classname="runner.TestRunner" name="runScenario" time="0.147">
    <error message="WebDriver is not initialized. Call initializeBrowser() first." type="java.lang.RuntimeException">
      <![CDATA[java.lang.RuntimeException: WebDriver is not initialized. Call initializeBrowser() first.
at factory.DriverFactory.getDriver(DriverFactory.java:51)
at stepdefinitions.MMT_Login_SD.user_navigates_to_login_page(MMT_Login_SD.java:20)
at ✽.User navigates to login page(file:///D:/Automation_Testing/Eclipse_Workspace/MMT_V1/src/test/resources/features/MMT_Login.feature:4)
]]>
    </error>
  </testcase> <!-- runScenario -->
</testsuite> <!-- runner.TestRunner -->
